app/build/intermediates/manifest_merge_blame_file/debug/manifest-merger-blame-debug-report.txt
1<?xml version="1.0" encoding="utf-8"?>
2<manifest xmlns:android="http://schemas.android.com/apk/res/android"
3    package="ck.edu.com.soccerproject"
4    android:versionCode="1"
5    android:versionName="1.0" >
6
7    <uses-sdk
8        android:minSdkVersion="16"
8-->src/main/AndroidManifest.xml
9        android:targetSdkVersion="29" />
9-->src/main/AndroidManifest.xml
10
11    <!--
12         The ACCESS_COARSE/FINE_LOCATION permissions are not required to use
13         Google Maps Android API v2, but you must specify either coarse or fine
14         location permissions for the 'MyLocation' functionality.
15    -->
16    <uses-permission android:name="android.permission.ACCESS_FINE_LOCATION" />
16-->src/main/AndroidManifest.xml:10:5-79
16-->src/main/AndroidManifest.xml:10:22-76
17    <uses-permission android:name="android.permission.READ_EXTERNAL_STORAGE" />
17-->src/main/AndroidManifest.xml:11:5-80
17-->src/main/AndroidManifest.xml:11:22-77
18    <uses-permission android:name="android.permission.WRITE_EXTERNAL_STORAGE" />
18-->src/main/AndroidManifest.xml:12:5-81
18-->src/main/AndroidManifest.xml:12:22-78
19    <uses-permission android:name="android.permission.CAMERA" />
19-->src/main/AndroidManifest.xml:13:5-65
19-->src/main/AndroidManifest.xml:13:22-62
20    <uses-permission android:name="android.permission.INTERNET" />
20-->src/main/AndroidManifest.xml:14:5-83
20-->src/main/AndroidManifest.xml:14:22-64
21
22    <!-- Include required permissions for Google Maps API to run. -->
23    <uses-permission android:name="android.permission.ACCESS_NETWORK_STATE" />
23-->[com.google.android.gms:play-services-maps:17.0.0] AndroidManifest.xml:23:5-79
23-->[com.google.android.gms:play-services-maps:17.0.0] AndroidManifest.xml:23:22-76
24
25    <uses-feature
25-->[com.google.android.gms:play-services-maps:17.0.0] AndroidManifest.xml:26:5-28:35
26        android:glEsVersion="0x00020000"
26-->[com.google.android.gms:play-services-maps:17.0.0] AndroidManifest.xml:27:9-41
27        android:required="true" />
27-->[com.google.android.gms:play-services-maps:17.0.0] AndroidManifest.xml:28:9-32
28
29    <application
29-->src/main/AndroidManifest.xml:16:5-51:19
30        android:allowBackup="true"
30-->src/main/AndroidManifest.xml:17:9-35
31        android:appComponentFactory="androidx.core.app.CoreComponentFactory"
31-->[androidx.core:core:1.1.0] AndroidManifest.xml:24:18-86
32        android:configChanges="locale|orientation"
32-->src/main/AndroidManifest.xml:18:9-51
33        android:debuggable="true"
34        android:icon="@drawable/soccer"
34-->src/main/AndroidManifest.xml:19:9-40
35        android:label="@string/app_name"
35-->src/main/AndroidManifest.xml:20:9-41
36        android:noHistory="true"
36-->src/main/AndroidManifest.xml:21:9-33
37        android:roundIcon="@mipmap/ic_launcher_round"
37-->src/main/AndroidManifest.xml:22:9-54
38        android:supportsRtl="true"
38-->src/main/AndroidManifest.xml:23:9-35
39        android:testOnly="true"
40        android:theme="@style/AppTheme" >
40-->src/main/AndroidManifest.xml:24:9-40
41
42        <!--
43             The API key for Google Maps-based APIs is defined as a string resource.
44             (See the file "res/values/google_maps_api.xml").
45             Note that the API key is linked to the encryption key used to sign the APK.
46             You need a different API key for each encryption key, including the release key that is used to
47             sign the APK for publishing.
48             You can define the keys for the debug and release targets in src/debug/ and src/release/.
49        -->
50        <meta-data
50-->src/main/AndroidManifest.xml:34:9-36:55
51            android:name="com.google.android.geo.API_KEY"
51-->src/main/AndroidManifest.xml:35:13-58
52            android:value="@string/google_maps_key" />
52-->src/main/AndroidManifest.xml:36:13-52
53
54        <activity
54-->src/main/AndroidManifest.xml:38:9-40:68
55            android:name="ck.edu.com.soccerproject.MapsActivity"
55-->src/main/AndroidManifest.xml:39:13-41
56            android:label="@string/title_activity_maps" />
56-->src/main/AndroidManifest.xml:40:13-56
57        <activity
57-->src/main/AndroidManifest.xml:41:9-50:20
58            android:name="ck.edu.com.soccerproject.MainActivity"
58-->src/main/AndroidManifest.xml:42:13-41
59            android:label="@string/app_name"
59-->src/main/AndroidManifest.xml:43:13-45
60            android:theme="@style/AppTheme.NoActionBar" >
60-->src/main/AndroidManifest.xml:44:13-56
61            <intent-filter>
61-->src/main/AndroidManifest.xml:45:13-49:29
62                <action android:name="android.intent.action.MAIN" />
62-->src/main/AndroidManifest.xml:46:17-69
62-->src/main/AndroidManifest.xml:46:25-66
63
64                <category android:name="android.intent.category.LAUNCHER" />
64-->src/main/AndroidManifest.xml:48:17-77
64-->src/main/AndroidManifest.xml:48:27-74
65            </intent-filter>
66        </activity>
67        <!-- Needs to be explicitly declared on P+ -->
68        <uses-library
68-->[com.google.android.gms:play-services-maps:17.0.0] AndroidManifest.xml:33:9-35:40
69            android:name="org.apache.http.legacy"
69-->[com.google.android.gms:play-services-maps:17.0.0] AndroidManifest.xml:34:13-50
70            android:required="false" />
70-->[com.google.android.gms:play-services-maps:17.0.0] AndroidManifest.xml:35:13-37
71
72        <activity
72-->[com.google.android.gms:play-services-base:17.0.0] AndroidManifest.xml:23:9-26:75
73            android:name="com.google.android.gms.common.api.GoogleApiActivity"
73-->[com.google.android.gms:play-services-base:17.0.0] AndroidManifest.xml:24:13-79
74            android:exported="false"
74-->[com.google.android.gms:play-services-base:17.0.0] AndroidManifest.xml:25:13-37
75            android:theme="@android:style/Theme.Translucent.NoTitleBar" />
75-->[com.google.android.gms:play-services-base:17.0.0] AndroidManifest.xml:26:13-72
76
77        <meta-data
77-->[com.google.android.gms:play-services-basement:17.0.0] AndroidManifest.xml:23:9-25:69
78            android:name="com.google.android.gms.version"
78-->[com.google.android.gms:play-services-basement:17.0.0] AndroidManifest.xml:24:13-58
79            android:value="@integer/google_play_services_version" />
79-->[com.google.android.gms:play-services-basement:17.0.0] AndroidManifest.xml:25:13-66
80
81        <provider
81-->[androidx.lifecycle:lifecycle-process:2.0.0] AndroidManifest.xml:23:9-27:43
82            android:name="androidx.lifecycle.ProcessLifecycleOwnerInitializer"
82-->[androidx.lifecycle:lifecycle-process:2.0.0] AndroidManifest.xml:24:13-79
83            android:authorities="ck.edu.com.soccerproject.lifecycle-process"
83-->[androidx.lifecycle:lifecycle-process:2.0.0] AndroidManifest.xml:25:13-69
84            android:exported="false"
84-->[androidx.lifecycle:lifecycle-process:2.0.0] AndroidManifest.xml:26:13-37
85            android:multiprocess="true" />
85-->[androidx.lifecycle:lifecycle-process:2.0.0] AndroidManifest.xml:27:13-40
86    </application>
87
88</manifest>